{"/home/kali/Github/SPOTIFYRADIO/server/config.js": {"path":"/home/kali/Github/SPOTIFYRADIO/server/config.js","statementMap":{"0":{"start":{"line":3,"column":19},"end":{"line":3,"column":58}},"1":{"start":{"line":4,"column":13},"end":{"line":4,"column":36}},"2":{"start":{"line":5,"column":23},"end":{"line":5,"column":42}},"3":{"start":{"line":6,"column":24},"end":{"line":6,"column":44}}},"fnMap":{},"branchMap":{"0":{"loc":{"start":{"line":9,"column":7},"end":{"line":9,"column":31}},"type":"binary-expr","locations":[{"start":{"line":9,"column":7},"end":{"line":9,"column":23}},{"start":{"line":9,"column":27},"end":{"line":9,"column":31}}],"line":9}},"s":{"0":1,"1":1,"2":1,"3":1},"f":{},"b":{"0":[1,1]},"_coverageSchema":"1a1c01bbd47fc00a2c39e90264f33305004495a9","hash":"dcd3bbccc2c4678bd8e38124e19bd46bbd4a52aa"}
,"/home/kali/Github/SPOTIFYRADIO/server/controller.js": {"path":"/home/kali/Github/SPOTIFYRADIO/server/controller.js","statementMap":{"0":{"start":{"line":4,"column":2},"end":{"line":4,"column":30}},"1":{"start":{"line":8,"column":2},"end":{"line":8,"column":45}}},"fnMap":{"0":{"name":"(anonymous_0)","decl":{"start":{"line":3,"column":1},"end":{"line":3,"column":2}},"loc":{"start":{"line":3,"column":15},"end":{"line":5,"column":2}},"line":3},"1":{"name":"(anonymous_1)","decl":{"start":{"line":7,"column":1},"end":{"line":7,"column":2}},"loc":{"start":{"line":7,"column":31},"end":{"line":9,"column":2}},"line":7}},"branchMap":{},"s":{"0":1,"1":0},"f":{"0":1,"1":0},"b":{},"_coverageSchema":"1a1c01bbd47fc00a2c39e90264f33305004495a9","hash":"7facbea9baac9032208905958b6a0d2f332d9d3c"}
,"/home/kali/Github/SPOTIFYRADIO/server/routes.js": {"path":"/home/kali/Github/SPOTIFYRADIO/server/routes.js","statementMap":{"0":{"start":{"line":8,"column":4},"end":{"line":8,"column":10}},"1":{"start":{"line":9,"column":19},"end":{"line":9,"column":35}},"2":{"start":{"line":12,"column":25},"end":{"line":12,"column":28}},"3":{"start":{"line":13,"column":1},"end":{"line":16,"column":2}},"4":{"start":{"line":14,"column":2},"end":{"line":14,"column":49}},"5":{"start":{"line":15,"column":2},"end":{"line":15,"column":18}},"6":{"start":{"line":17,"column":1},"end":{"line":23,"column":2}},"7":{"start":{"line":18,"column":21},"end":{"line":18,"column":61}},"8":{"start":{"line":22,"column":2},"end":{"line":22,"column":25}},"9":{"start":{"line":24,"column":1},"end":{"line":27,"column":2}},"10":{"start":{"line":25,"column":21},"end":{"line":25,"column":67}},"11":{"start":{"line":26,"column":2},"end":{"line":26,"column":25}},"12":{"start":{"line":28,"column":1},"end":{"line":35,"column":2}},"13":{"start":{"line":29,"column":27},"end":{"line":29,"column":62}},"14":{"start":{"line":30,"column":22},"end":{"line":30,"column":40}},"15":{"start":{"line":31,"column":2},"end":{"line":33,"column":3}},"16":{"start":{"line":32,"column":3},"end":{"line":32,"column":54}},"17":{"start":{"line":34,"column":2},"end":{"line":34,"column":25}},"18":{"start":{"line":37,"column":1},"end":{"line":37,"column":19}},"19":{"start":{"line":38,"column":1},"end":{"line":38,"column":24}},"20":{"start":{"line":42,"column":1},"end":{"line":46,"column":2}},"21":{"start":{"line":43,"column":2},"end":{"line":43,"column":45}},"22":{"start":{"line":44,"column":2},"end":{"line":44,"column":20}},"23":{"start":{"line":45,"column":2},"end":{"line":45,"column":18}},"24":{"start":{"line":48,"column":1},"end":{"line":48,"column":49}},"25":{"start":{"line":49,"column":1},"end":{"line":49,"column":19}},"26":{"start":{"line":50,"column":1},"end":{"line":50,"column":17}},"27":{"start":{"line":54,"column":1},"end":{"line":54,"column":63}},"28":{"start":{"line":54,"column":40},"end":{"line":54,"column":62}}},"fnMap":{"0":{"name":"routes","decl":{"start":{"line":11,"column":15},"end":{"line":11,"column":21}},"loc":{"start":{"line":11,"column":32},"end":{"line":39,"column":1}},"line":11},"1":{"name":"handlerError","decl":{"start":{"line":41,"column":9},"end":{"line":41,"column":21}},"loc":{"start":{"line":41,"column":32},"end":{"line":51,"column":1}},"line":41},"2":{"name":"handler","decl":{"start":{"line":53,"column":16},"end":{"line":53,"column":23}},"loc":{"start":{"line":53,"column":34},"end":{"line":55,"column":1}},"line":53},"3":{"name":"(anonymous_3)","decl":{"start":{"line":54,"column":31},"end":{"line":54,"column":32}},"loc":{"start":{"line":54,"column":40},"end":{"line":54,"column":62}},"line":54}},"branchMap":{"0":{"loc":{"start":{"line":13,"column":1},"end":{"line":16,"column":2}},"type":"if","locations":[{"start":{"line":13,"column":1},"end":{"line":16,"column":2}},{"start":{},"end":{}}],"line":13},"1":{"loc":{"start":{"line":13,"column":5},"end":{"line":13,"column":36}},"type":"binary-expr","locations":[{"start":{"line":13,"column":5},"end":{"line":13,"column":21}},{"start":{"line":13,"column":25},"end":{"line":13,"column":36}}],"line":13},"2":{"loc":{"start":{"line":17,"column":1},"end":{"line":23,"column":2}},"type":"if","locations":[{"start":{"line":17,"column":1},"end":{"line":23,"column":2}},{"start":{},"end":{}}],"line":17},"3":{"loc":{"start":{"line":17,"column":5},"end":{"line":17,"column":40}},"type":"binary-expr","locations":[{"start":{"line":17,"column":5},"end":{"line":17,"column":21}},{"start":{"line":17,"column":25},"end":{"line":17,"column":40}}],"line":17},"4":{"loc":{"start":{"line":24,"column":1},"end":{"line":27,"column":2}},"type":"if","locations":[{"start":{"line":24,"column":1},"end":{"line":27,"column":2}},{"start":{},"end":{}}],"line":24},"5":{"loc":{"start":{"line":24,"column":5},"end":{"line":24,"column":46}},"type":"binary-expr","locations":[{"start":{"line":24,"column":5},"end":{"line":24,"column":21}},{"start":{"line":24,"column":25},"end":{"line":24,"column":46}}],"line":24},"6":{"loc":{"start":{"line":28,"column":1},"end":{"line":35,"column":2}},"type":"if","locations":[{"start":{"line":28,"column":1},"end":{"line":35,"column":2}},{"start":{},"end":{}}],"line":28},"7":{"loc":{"start":{"line":31,"column":2},"end":{"line":33,"column":3}},"type":"if","locations":[{"start":{"line":31,"column":2},"end":{"line":33,"column":3}},{"start":{},"end":{}}],"line":31},"8":{"loc":{"start":{"line":42,"column":1},"end":{"line":46,"column":2}},"type":"if","locations":[{"start":{"line":42,"column":1},"end":{"line":46,"column":2}},{"start":{},"end":{}}],"line":42}},"s":{"0":1,"1":1,"2":8,"3":8,"4":1,"5":1,"6":7,"7":1,"8":1,"9":6,"10":1,"11":1,"12":5,"13":4,"14":2,"15":2,"16":1,"17":2,"18":1,"19":1,"20":2,"21":1,"22":1,"23":1,"24":1,"25":1,"26":1,"27":8,"28":2},"f":{"0":8,"1":2,"2":8,"3":2},"b":{"0":[1,7],"1":[8,7],"2":[1,6],"3":[7,6],"4":[1,5],"5":[6,5],"6":[4,1],"7":[1,1],"8":[1,1]},"_coverageSchema":"1a1c01bbd47fc00a2c39e90264f33305004495a9","hash":"626a5218e8c02b44bda8bacc9ccfc11196430afa"}
,"/home/kali/Github/SPOTIFYRADIO/server/service.js": {"path":"/home/kali/Github/SPOTIFYRADIO/server/service.js","statementMap":{"0":{"start":{"line":8,"column":4},"end":{"line":8,"column":10}},"1":{"start":{"line":12,"column":2},"end":{"line":12,"column":38}},"2":{"start":{"line":16,"column":23},"end":{"line":16,"column":50}},"3":{"start":{"line":17,"column":2},"end":{"line":17,"column":39}},"4":{"start":{"line":18,"column":19},"end":{"line":18,"column":40}},"5":{"start":{"line":19,"column":2},"end":{"line":22,"column":3}},"6":{"start":{"line":26,"column":25},"end":{"line":26,"column":53}},"7":{"start":{"line":27,"column":2},"end":{"line":30,"column":3}}},"fnMap":{"0":{"name":"(anonymous_0)","decl":{"start":{"line":11,"column":1},"end":{"line":11,"column":2}},"loc":{"start":{"line":11,"column":28},"end":{"line":13,"column":2}},"line":11},"1":{"name":"(anonymous_1)","decl":{"start":{"line":15,"column":1},"end":{"line":15,"column":2}},"loc":{"start":{"line":15,"column":25},"end":{"line":23,"column":2}},"line":15},"2":{"name":"(anonymous_2)","decl":{"start":{"line":25,"column":1},"end":{"line":25,"column":2}},"loc":{"start":{"line":25,"column":27},"end":{"line":31,"column":2}},"line":25}},"branchMap":{},"s":{"0":1,"1":0,"2":0,"3":0,"4":0,"5":0,"6":0,"7":0},"f":{"0":0,"1":0,"2":0},"b":{},"_coverageSchema":"1a1c01bbd47fc00a2c39e90264f33305004495a9","hash":"1b1170861044899b370a29bb99a120eb38a29f97"}
,"/home/kali/Github/SPOTIFYRADIO/server/util.js": {"path":"/home/kali/Github/SPOTIFYRADIO/server/util.js","statementMap":{"0":{"start":{"line":3,"column":12},"end":{"line":11,"column":2}},"1":{"start":{"line":13,"column":22},"end":{"line":13,"column":25}}},"fnMap":{},"branchMap":{},"s":{"0":1,"1":1},"f":{},"b":{},"_coverageSchema":"1a1c01bbd47fc00a2c39e90264f33305004495a9","hash":"92da9aa414cdb7a67e4fe848bb3ba159c074d7a3"}
,"/home/kali/Github/SPOTIFYRADIO/tests/unit/_util/testUtil.js": {"path":"/home/kali/Github/SPOTIFYRADIO/tests/unit/_util/testUtil.js","statementMap":{"0":{"start":{"line":6,"column":2},"end":{"line":13,"column":4}},"1":{"start":{"line":8,"column":4},"end":{"line":10,"column":5}},"2":{"start":{"line":9,"column":5},"end":{"line":9,"column":20}},"3":{"start":{"line":11,"column":4},"end":{"line":11,"column":19}},"4":{"start":{"line":17,"column":2},"end":{"line":22,"column":4}},"5":{"start":{"line":19,"column":4},"end":{"line":19,"column":17}},"6":{"start":{"line":20,"column":4},"end":{"line":20,"column":19}},"7":{"start":{"line":26,"column":24},"end":{"line":28,"column":4}},"8":{"start":{"line":29,"column":19},"end":{"line":29,"column":60}},"9":{"start":{"line":30,"column":15},"end":{"line":40,"column":3}},"10":{"start":{"line":41,"column":2},"end":{"line":44,"column":3}},"11":{"start":{"line":42,"column":17},"end":{"line":42,"column":36}}},"fnMap":{"0":{"name":"(anonymous_0)","decl":{"start":{"line":5,"column":1},"end":{"line":5,"column":2}},"loc":{"start":{"line":5,"column":37},"end":{"line":14,"column":2}},"line":5},"1":{"name":"(anonymous_1)","decl":{"start":{"line":7,"column":3},"end":{"line":7,"column":4}},"loc":{"start":{"line":7,"column":10},"end":{"line":12,"column":4}},"line":7},"2":{"name":"(anonymous_2)","decl":{"start":{"line":16,"column":1},"end":{"line":16,"column":2}},"loc":{"start":{"line":16,"column":43},"end":{"line":23,"column":2}},"line":16},"3":{"name":"(anonymous_3)","decl":{"start":{"line":18,"column":3},"end":{"line":18,"column":4}},"loc":{"start":{"line":18,"column":25},"end":{"line":21,"column":4}},"line":18},"4":{"name":"(anonymous_4)","decl":{"start":{"line":25,"column":1},"end":{"line":25,"column":2}},"loc":{"start":{"line":25,"column":30},"end":{"line":45,"column":2}},"line":25},"5":{"name":"(anonymous_5)","decl":{"start":{"line":29,"column":51},"end":{"line":29,"column":52}},"loc":{"start":{"line":29,"column":57},"end":{"line":29,"column":59}},"line":29},"6":{"name":"(anonymous_6)","decl":{"start":{"line":42,"column":11},"end":{"line":42,"column":12}},"loc":{"start":{"line":42,"column":17},"end":{"line":42,"column":36}},"line":42}},"branchMap":{},"s":{"0":12,"1":0,"2":0,"3":0,"4":8,"5":0,"6":0,"7":8,"8":8,"9":8,"10":8,"11":8},"f":{"0":12,"1":0,"2":8,"3":0,"4":8,"5":0,"6":8},"b":{},"_coverageSchema":"1a1c01bbd47fc00a2c39e90264f33305004495a9","hash":"0a1dc5abf8d19578830e1bff645ad4c54462608b"}
}
